Arguments: 
  /Users/martinherweg/.nvm/versions/node/v9.4.0/bin/node /usr/local/Cellar/yarn/1.5.1_1/libexec/bin/yarn.js test app --watch

PATH: 
  /usr/local/opt/libxml2/bin:/Users/martinherweg/.yarn/bin:/Users/martinherweg/.nvm/versions/node/v9.4.0/bin:/usr/local/bin:/usr/local/opt/coreutils/libexec/gnubin:/Users/martinherweg/bin:/Users/martinherweg/.local/bin:/usr/local/bin:/Users/martinherweg/.zplug/repos/zplug/zplug/bin:/usr/local/bin:/usr/local/sbin:/etc/Caskroom:/opt/homebrew-cask/Caskroom:/Users/martinherweg/.composer/vendor/bin:/usr/bin:/bin:/usr/sbin:/sbin:/usr/local/share/dotnet:/opt/X11/bin:/Library/Frameworks/Mono.framework/Versions/Current/Commands:/usr/local/share/zsh/site-functions:/usr/local/opt/go/libexec/bin:/Users/martinherweg/.rvm/bin:/Users/martinherweg/.composer/vendor/bin:/usr/local/opt/fzf/bin

Yarn version: 
  1.5.1

Node version: 
  9.4.0

Platform: 
  darwin x64

npm manifest: 
  {
    "name": "generator-lilly",
    "version": "0.0.0",
    "description":
      "Personal boilerplate for Martin Herweg, Configurable for Laravel, Craft CMS and Vue",
    "homepage": "https://github.com/martinherweg/lilly",
    "author": {
      "name": "Martin Herweg",
      "email": "info@martinherweg.de",
      "url": "https://martinherweg.de"
    },
    "files": ["generators"],
    "main": "generators/index.js",
    "keywords": ["craft", "", "yeoman-generator"],
    "devDependencies": {
      "dotenv": "^5.0.1",
      "download": "^6.2.5",
      "ejs": "^2.5.9",
      "eslint": "^4.19.1",
      "eslint-config-prettier": "^2.9.0",
      "eslint-config-xo": "^0.20.1",
      "eslint-plugin-prettier": "^2.6.0",
      "husky": "^0.14.3",
      "jest": "^22.0.6",
      "lint-staged": "^6.1.1",
      "nsp": "^2.8.0",
      "prettier": "^1.11.1",
      "yeoman-assert": "^3.1.0",
      "yeoman-test": "^1.7.0"
    },
    "engines": {
      "npm": ">= 4.0.0"
    },
    "dependencies": {
      "chalk": "^2.1.0",
      "command-exists": "^1.2.6",
      "fs-extra": "^5.0.0",
      "progress": "^2.0.0",
      "yeoman-generator": "^2.0.1",
      "yosay": "^2.0.1"
    },
    "jest": {
      "testEnvironment": "node"
    },
    "scripts": {
      "prepublishOnly": "nsp check",
      "pretest": "eslint .",
      "precommit": "lint-staged",
      "test": "jest"
    },
    "lint-staged": {
      "*.js": ["eslint --fix", "git add"],
      "*.json": ["prettier --write", "git add"]
    },
    "eslintConfig": {
      "extends": ["xo", "prettier"],
      "env": {
        "jest": true,
        "node": true
      },
      "rules": {
        "prettier/prettier": [
          "error",
          {
            "singleQuote": true,
            "printWidth": 90
          }
        ]
      },
      "plugins": ["prettier"]
    },
    "repository": "git@github.com:martinherweg/lilly.git",
    "license": "Apache-2.0"
  }

yarn manifest: 
  No manifest

Lockfile: 
  No lockfile

Trace: 
  Error: Command failed.
  Exit code: 1
  Command: sh
  Arguments: -c jest app --watch
  Directory: /Users/martinherweg/Projekte/_openSource/lilly/generator-lilly
  Output:
  
      at ProcessTermError.MessageError (/usr/local/Cellar/yarn/1.5.1_1/libexec/lib/cli.js:186:110)
      at new ProcessTermError (/usr/local/Cellar/yarn/1.5.1_1/libexec/lib/cli.js:226:113)
      at ChildProcess.<anonymous> (/usr/local/Cellar/yarn/1.5.1_1/libexec/lib/cli.js:30281:17)
      at ChildProcess.emit (events.js:160:13)
      at maybeClose (internal/child_process.js:943:16)
      at Process.ChildProcess._handle.onexit (internal/child_process.js:220:5)
